<?xml version="1.0" encoding="UTF-8"?>
<!-- Generated by org.testng.reporters.JUnitXMLReporter -->
<testsuite ignored="0" hostname="LAPTOP-SK81EO6B" failures="1" tests="1" name="Edge" time="8.346" errors="0" timestamp="2022-12-27T15:18:17 IST">
  <testcase classname="testcase.TestCollectionPage" name="testCollectionPage" time="1.229">
    <failure type="java.lang.AssertionError" message="failed to click on first product expected [true] but found [false]">
      <![CDATA[java.lang.AssertionError: failed to click on first product expected [true] but found [false]
at testcase.TestCollectionPage.testCollectionPage(TestCollectionPage.java:22)
at java.base/java.util.ArrayList.forEach(ArrayList.java:1511)
... Removed 32 stack frames]]>
    </failure>
  </testcase> <!-- testCollectionPage -->
</testsuite> <!-- Edge -->
